Listening on 8080
welcome: Unable to identify user...redirecting to login
::ffff:100.10.21.174 - - [16/Apr/2019:12:35:49 +0000] "GET / HTTP/1.1" 302 56 "http://ec2-18-216-153-162.us-east-2.compute.amazonaws.com:8080/signup" "Mozilla/5.0 (Windows NT 10.0; Win64; x64) AppleWebKit/537.36 (KHTML, like Gecko) Chrome/73.0.3683.103 Safari/537.36"
::ffff:100.10.21.174 - - [16/Apr/2019:12:35:49 +0000] "GET /login HTTP/1.1" 200 7268 "http://ec2-18-216-153-162.us-east-2.compute.amazonaws.com:8080/signup" "Mozilla/5.0 (Windows NT 10.0; Win64; x64) AppleWebKit/537.36 (KHTML, like Gecko) Chrome/73.0.3683.103 Safari/537.36"
Listening on 8080
welcome: Unable to identify user...redirecting to login
::ffff:138.16.117.132 - - [16/Apr/2019:18:39:04 +0000] "GET / HTTP/1.1" 302 56 "-" "Mozilla/5.0 (Windows NT 10.0; Win64; x64) AppleWebKit/537.36 (KHTML, like Gecko) Chrome/73.0.3683.103 Safari/537.36"
::ffff:138.16.117.132 - - [16/Apr/2019:18:39:04 +0000] "GET /login HTTP/1.1" 304 - "-" "Mozilla/5.0 (Windows NT 10.0; Win64; x64) AppleWebKit/537.36 (KHTML, like Gecko) Chrome/73.0.3683.103 Safari/537.36"
DATABASE: SELECT * FROM User U WHERE U.userName = 'a'
DATABASE RETURN 1
::ffff:138.16.117.132 - - [16/Apr/2019:18:39:40 +0000] "POST /login HTTP/1.1" 302 64 "http://ec2-18-216-153-162.us-east-2.compute.amazonaws.com:8080/login" "Mozilla/5.0 (Windows NT 10.0; Win64; x64) AppleWebKit/537.36 (KHTML, like Gecko) Chrome/73.0.3683.103 Safari/537.36"
DATABASE: SELECT * FROM User WHERE userId = 4
DATABASE RETURN 1
::ffff:138.16.117.132 - - [16/Apr/2019:18:39:40 +0000] "GET /dashboard HTTP/1.1" 304 - "http://ec2-18-216-153-162.us-east-2.compute.amazonaws.com:8080/login" "Mozilla/5.0 (Windows NT 10.0; Win64; x64) AppleWebKit/537.36 (KHTML, like Gecko) Chrome/73.0.3683.103 Safari/537.36"
DATABASE: SELECT U.firstName, U.lastName, P.ssn, P.dob, P.address, P.bankAcc, P.bankRouting FROM User U, Profile P WHERE U.userId = P.userId AND U.userId = 4
DATABASE RETURN 1
::ffff:138.16.117.132 - - [16/Apr/2019:18:39:45 +0000] "GET /profile HTTP/1.1" 200 7820 "http://ec2-18-216-153-162.us-east-2.compute.amazonaws.com:8080/dashboard" "Mozilla/5.0 (Windows NT 10.0; Win64; x64) AppleWebKit/537.36 (KHTML, like Gecko) Chrome/73.0.3683.103 Safari/537.36"
DATABASE: SELECT * FROM Memos ORDER BY memotime DESC
DATABASE RETURN 1
::ffff:138.16.117.132 - - [16/Apr/2019:18:39:47 +0000] "GET /memos HTTP/1.1" 200 6018 "http://ec2-18-216-153-162.us-east-2.compute.amazonaws.com:8080/profile" "Mozilla/5.0 (Windows NT 10.0; Win64; x64) AppleWebKit/537.36 (KHTML, like Gecko) Chrome/73.0.3683.103 Safari/537.36"
DATABASE: INSERT INTO Memos(memo) VALUES ( '<script>alert('???')</script>' )
DATABASE ERROR { Error: ER_PARSE_ERROR: You have an error in your SQL syntax; check the manual that corresponds to your MySQL server version for the right syntax to use near '???')</script>' )' at line 1
    at Query.Sequence._packetToError (/home/ec2-user/security_lab/node_modules/mysql/lib/protocol/sequences/Sequence.js:47:14)
    at Query.ErrorPacket (/home/ec2-user/security_lab/node_modules/mysql/lib/protocol/sequences/Query.js:77:18)
    at Protocol._parsePacket (/home/ec2-user/security_lab/node_modules/mysql/lib/protocol/Protocol.js:278:23)
    at Parser.write (/home/ec2-user/security_lab/node_modules/mysql/lib/protocol/Parser.js:76:12)
    at Protocol.write (/home/ec2-user/security_lab/node_modules/mysql/lib/protocol/Protocol.js:38:16)
    at Socket.<anonymous> (/home/ec2-user/security_lab/node_modules/mysql/lib/Connection.js:91:28)
    at Socket.<anonymous> (/home/ec2-user/security_lab/node_modules/mysql/lib/Connection.js:502:10)
    at Socket.emit (events.js:193:13)
    at addChunk (_stream_readable.js:296:12)
    at readableAddChunk (_stream_readable.js:277:11)
    at Socket.Readable.push (_stream_readable.js:232:10)
    at TCP.onStreamRead (internal/stream_base_commons.js:150:17)
    --------------------
    at Protocol._enqueue (/home/ec2-user/security_lab/node_modules/mysql/lib/protocol/Protocol.js:144:48)
    at MySQLConnection.query (/home/ec2-user/security_lab/node_modules/mysql/lib/Connection.js:200:25)
    at MySQLConnection.query (/home/ec2-user/security_lab/node_modules/any-db-mysql/index.js:100:30)
    at /home/ec2-user/security_lab/node_modules/any-db-pool/index.js:161:16
    at /home/ec2-user/security_lab/node_modules/any-db-pool/index.js:178:5
    at dispense (/home/ec2-user/security_lab/node_modules/generic-pool/lib/generic-pool.js:247:16)
    at Object.me.acquire (/home/ec2-user/security_lab/node_modules/generic-pool/lib/generic-pool.js:316:5)
    at ConnectionPool.acquire (/home/ec2-user/security_lab/node_modules/any-db-pool/index.js:174:14)
    at ConnectionPool.query (/home/ec2-user/security_lab/node_modules/any-db-pool/index.js:143:8)
    at Object.query (/home/ec2-user/security_lab/database.js:41:16)
    at addMemos (/home/ec2-user/security_lab/memos.js:25:7)
    at Layer.handle [as handle_request] (/home/ec2-user/security_lab/node_modules/express/lib/router/layer.js:95:5)
    at next (/home/ec2-user/security_lab/node_modules/express/lib/router/route.js:137:13)
    at Route.dispatch (/home/ec2-user/security_lab/node_modules/express/lib/router/route.js:112:3)
    at Layer.handle [as handle_request] (/home/ec2-user/security_lab/node_modules/express/lib/router/layer.js:95:5)
    at /home/ec2-user/security_lab/node_modules/express/lib/router/index.js:281:22
  code: 'ER_PARSE_ERROR',
  errno: 1064,
  sqlMessage:
   "You have an error in your SQL syntax; check the manual that corresponds to your MySQL server version for the right syntax to use near '???')</script>' )' at line 1",
  sqlState: '42000',
  index: 0,
  sql:
   "INSERT INTO Memos(memo) VALUES ( '<script>alert('???')</script>' )" }
ER_PARSE_ERROR: You have an error in your SQL syntax; check the manual that corresponds to your MySQL server version for the right syntax to use near '???')</script>' )' at line 1
Error: ER_PARSE_ERROR: You have an error in your SQL syntax; check the manual that corresponds to your MySQL server version for the right syntax to use near '???')</script>' )' at line 1
    at Query.Sequence._packetToError (/home/ec2-user/security_lab/node_modules/mysql/lib/protocol/sequences/Sequence.js:47:14)
    at Query.ErrorPacket (/home/ec2-user/security_lab/node_modules/mysql/lib/protocol/sequences/Query.js:77:18)
    at Protocol._parsePacket (/home/ec2-user/security_lab/node_modules/mysql/lib/protocol/Protocol.js:278:23)
    at Parser.write (/home/ec2-user/security_lab/node_modules/mysql/lib/protocol/Parser.js:76:12)
    at Protocol.write (/home/ec2-user/security_lab/node_modules/mysql/lib/protocol/Protocol.js:38:16)
    at Socket.<anonymous> (/home/ec2-user/security_lab/node_modules/mysql/lib/Connection.js:91:28)
    at Socket.<anonymous> (/home/ec2-user/security_lab/node_modules/mysql/lib/Connection.js:502:10)
    at Socket.emit (events.js:193:13)
    at addChunk (_stream_readable.js:296:12)
    at readableAddChunk (_stream_readable.js:277:11)
    at Socket.Readable.push (_stream_readable.js:232:10)
    at TCP.onStreamRead (internal/stream_base_commons.js:150:17)
    --------------------
    at Protocol._enqueue (/home/ec2-user/security_lab/node_modules/mysql/lib/protocol/Protocol.js:144:48)
    at MySQLConnection.query (/home/ec2-user/security_lab/node_modules/mysql/lib/Connection.js:200:25)
    at MySQLConnection.query (/home/ec2-user/security_lab/node_modules/any-db-mysql/index.js:100:30)
    at /home/ec2-user/security_lab/node_modules/any-db-pool/index.js:161:16
    at /home/ec2-user/security_lab/node_modules/any-db-pool/index.js:178:5
    at dispense (/home/ec2-user/security_lab/node_modules/generic-pool/lib/generic-pool.js:247:16)
    at Object.me.acquire (/home/ec2-user/security_lab/node_modules/generic-pool/lib/generic-pool.js:316:5)
    at ConnectionPool.acquire (/home/ec2-user/security_lab/node_modules/any-db-pool/index.js:174:14)
    at ConnectionPool.query (/home/ec2-user/security_lab/node_modules/any-db-pool/index.js:143:8)
    at Object.query (/home/ec2-user/security_lab/database.js:41:16)
    at addMemos (/home/ec2-user/security_lab/memos.js:25:7)
    at Layer.handle [as handle_request] (/home/ec2-user/security_lab/node_modules/express/lib/router/layer.js:95:5)
    at next (/home/ec2-user/security_lab/node_modules/express/lib/router/route.js:137:13)
    at Route.dispatch (/home/ec2-user/security_lab/node_modules/express/lib/router/route.js:112:3)
    at Layer.handle [as handle_request] (/home/ec2-user/security_lab/node_modules/express/lib/router/layer.js:95:5)
    at /home/ec2-user/security_lab/node_modules/express/lib/router/index.js:281:22
::ffff:138.16.117.132 - - [16/Apr/2019:18:40:09 +0000] "POST /memos HTTP/1.1" 500 304 "http://ec2-18-216-153-162.us-east-2.compute.amazonaws.com:8080/memos" "Mozilla/5.0 (Windows NT 10.0; Win64; x64) AppleWebKit/537.36 (KHTML, like Gecko) Chrome/73.0.3683.103 Safari/537.36"
DATABASE: INSERT INTO Memos(memo) VALUES ( '<script>alert("???")</script>' )
DATABASE RETURN 0
DATABASE: SELECT * FROM Memos ORDER BY memotime DESC
DATABASE RETURN 2
::ffff:138.16.117.132 - - [16/Apr/2019:18:40:23 +0000] "POST /memos HTTP/1.1" 200 6183 "http://ec2-18-216-153-162.us-east-2.compute.amazonaws.com:8080/memos" "Mozilla/5.0 (Windows NT 10.0; Win64; x64) AppleWebKit/537.36 (KHTML, like Gecko) Chrome/73.0.3683.103 Safari/537.36"
DATABASE: INSERT INTO Memos(memo) VALUES ( '<script>alert("???")</script>' )
DATABASE RETURN 0
DATABASE: SELECT * FROM Memos ORDER BY memotime DESC
DATABASE RETURN 3
::ffff:138.16.117.132 - - [16/Apr/2019:18:40:29 +0000] "POST /memos HTTP/1.1" 200 6348 "http://ec2-18-216-153-162.us-east-2.compute.amazonaws.com:8080/memos" "Mozilla/5.0 (Windows NT 10.0; Win64; x64) AppleWebKit/537.36 (KHTML, like Gecko) Chrome/73.0.3683.103 Safari/537.36"
DATABASE: SELECT * FROM User WHERE userId = 4
DATABASE RETURN 1
::ffff:138.16.117.132 - - [16/Apr/2019:18:40:31 +0000] "GET / HTTP/1.1" 200 9268 "-" "Mozilla/5.0 (Windows NT 10.0; Win64; x64) AppleWebKit/537.36 (KHTML, like Gecko) Chrome/73.0.3683.103 Safari/537.36"
DATABASE: SELECT * FROM Memos ORDER BY memotime DESC
DATABASE RETURN 3
::ffff:138.16.117.132 - - [16/Apr/2019:18:40:33 +0000] "GET /memos HTTP/1.1" 200 6348 "http://ec2-18-216-153-162.us-east-2.compute.amazonaws.com:8080/" "Mozilla/5.0 (Windows NT 10.0; Win64; x64) AppleWebKit/537.36 (KHTML, like Gecko) Chrome/73.0.3683.103 Safari/537.36"
::ffff:138.16.117.132 - - [16/Apr/2019:18:41:54 +0000] "GET /logout HTTP/1.1" 302 46 "http://ec2-18-216-153-162.us-east-2.compute.amazonaws.com:8080/memos" "Mozilla/5.0 (Windows NT 10.0; Win64; x64) AppleWebKit/537.36 (KHTML, like Gecko) Chrome/73.0.3683.103 Safari/537.36"
welcome: Unable to identify user...redirecting to login
::ffff:138.16.117.132 - - [16/Apr/2019:18:41:54 +0000] "GET / HTTP/1.1" 302 56 "http://ec2-18-216-153-162.us-east-2.compute.amazonaws.com:8080/memos" "Mozilla/5.0 (Windows NT 10.0; Win64; x64) AppleWebKit/537.36 (KHTML, like Gecko) Chrome/73.0.3683.103 Safari/537.36"
::ffff:138.16.117.132 - - [16/Apr/2019:18:41:54 +0000] "GET /login HTTP/1.1" 200 7268 "http://ec2-18-216-153-162.us-east-2.compute.amazonaws.com:8080/memos" "Mozilla/5.0 (Windows NT 10.0; Win64; x64) AppleWebKit/537.36 (KHTML, like Gecko) Chrome/73.0.3683.103 Safari/537.36"
::ffff:138.16.117.132 - - [16/Apr/2019:18:41:56 +0000] "GET /tutorial HTTP/1.1" 200 21010 "http://ec2-18-216-153-162.us-east-2.compute.amazonaws.com:8080/login" "Mozilla/5.0 (Windows NT 10.0; Win64; x64) AppleWebKit/537.36 (KHTML, like Gecko) Chrome/73.0.3683.103 Safari/537.36"
::ffff:138.16.117.132 - - [16/Apr/2019:18:41:58 +0000] "GET /tutorial/a3 HTTP/1.1" 200 14923 "http://ec2-18-216-153-162.us-east-2.compute.amazonaws.com:8080/tutorial" "Mozilla/5.0 (Windows NT 10.0; Win64; x64) AppleWebKit/537.36 (KHTML, like Gecko) Chrome/73.0.3683.103 Safari/537.36"
welcome: Unable to identify user...redirecting to login
::ffff:128.148.231.11 - - [16/Apr/2019:18:44:26 +0000] "GET / HTTP/1.1" 302 56 "-" "Mozilla/5.0 (X11; Linux x86_64; rv:60.0) Gecko/20100101 Firefox/60.0"
::ffff:128.148.231.11 - - [16/Apr/2019:18:44:26 +0000] "GET /login HTTP/1.1" 200 7268 "-" "Mozilla/5.0 (X11; Linux x86_64; rv:60.0) Gecko/20100101 Firefox/60.0"
